<?xml version="1.0" encoding="UTF-8"?>
<!-- Generated by org.testng.reporters.JUnitReportReporter -->
<testsuite hostname="LAPTOP-Q896LVOS" failures="0" tests="1" name="com.qa.tests.TestNGTestOne" time="6.392" errors="0" timestamp="28 Dec 2021 10:27:33 GMT">
  <testcase classname="com.qa.tests.TestNGTestOne" name="f" time="6.392"/>
</testsuite> <!-- com.qa.tests.TestNGTestOne -->
