<?xml version="1.0" encoding="UTF-8"?>
<!-- Generated by org.testng.reporters.JUnitReportReporter -->
<testsuite hostname="LAPTOP-Q896LVOS" failures="0" tests="4" name="com.qa.tests.DemoTestJava" time="0.010" errors="0" timestamp="28 Dec 2021 10:31:42 GMT">
  <testcase classname="com.qa.tests.DemoTestJava" name="sum" time="0.000"/>
  <testcase classname="com.qa.tests.DemoTestJava" name="div" time="0.010"/>
  <testcase classname="com.qa.tests.DemoTestJava" name="multi" time="0.000"/>
  <testcase classname="com.qa.tests.DemoTestJava" name="sub" time="0.000"/>
</testsuite> <!-- com.qa.tests.DemoTestJava -->
